c:\users\sonya\desktop\tairhassid_and_daniellekahana_airport\part3\airport_project\airport_project\debug\vc141.pdb
c:\users\sonya\desktop\tairhassid_and_daniellekahana_airport\part3\airport_project\airport_project\debug\vc141.idb
c:\users\sonya\desktop\tairhassid_and_daniellekahana_airport\part3\airport_project\airport_project\debug\time.obj
c:\users\sonya\desktop\tairhassid_and_daniellekahana_airport\part3\airport_project\airport_project\debug\seat.obj
c:\users\sonya\desktop\tairhassid_and_daniellekahana_airport\part3\airport_project\airport_project\debug\pilot.obj
c:\users\sonya\desktop\tairhassid_and_daniellekahana_airport\part3\airport_project\airport_project\debug\passengersclass.obj
c:\users\sonya\desktop\tairhassid_and_daniellekahana_airport\part3\airport_project\airport_project\debug\passenger.obj
c:\users\sonya\desktop\tairhassid_and_daniellekahana_airport\part3\airport_project\airport_project\debug\main.obj
c:\users\sonya\desktop\tairhassid_and_daniellekahana_airport\part3\airport_project\airport_project\debug\flightmarshal.obj
c:\users\sonya\desktop\tairhassid_and_daniellekahana_airport\part3\airport_project\airport_project\debug\flightattendant.obj
c:\users\sonya\desktop\tairhassid_and_daniellekahana_airport\part3\airport_project\airport_project\debug\flight.obj
c:\users\sonya\desktop\tairhassid_and_daniellekahana_airport\part3\airport_project\airport_project\debug\employee.obj
c:\users\sonya\desktop\tairhassid_and_daniellekahana_airport\part3\airport_project\airport_project\debug\disguiseon.obj
c:\users\sonya\desktop\tairhassid_and_daniellekahana_airport\part3\airport_project\airport_project\debug\disguiseoff.obj
c:\users\sonya\desktop\tairhassid_and_daniellekahana_airport\part3\airport_project\airport_project\debug\captain.obj
c:\users\sonya\desktop\tairhassid_and_daniellekahana_airport\part3\airport_project\airport_project\debug\airline.obj
c:\users\sonya\desktop\tairhassid_and_daniellekahana_airport\part3\airport_project\debug\airport_project.exe
c:\users\sonya\desktop\tairhassid_and_daniellekahana_airport\part3\airport_project\debug\airport_project.ilk
c:\users\sonya\desktop\tairhassid_and_daniellekahana_airport\part3\airport_project\debug\airport_project.pdb
c:\users\sonya\desktop\tairhassid_and_daniellekahana_airport\part3\airport_project\airport_project\debug\airport_project.tlog\cl.command.1.tlog
c:\users\sonya\desktop\tairhassid_and_daniellekahana_airport\part3\airport_project\airport_project\debug\airport_project.tlog\cl.read.1.tlog
c:\users\sonya\desktop\tairhassid_and_daniellekahana_airport\part3\airport_project\airport_project\debug\airport_project.tlog\cl.write.1.tlog
c:\users\sonya\desktop\tairhassid_and_daniellekahana_airport\part3\airport_project\airport_project\debug\airport_project.tlog\link.command.1.tlog
c:\users\sonya\desktop\tairhassid_and_daniellekahana_airport\part3\airport_project\airport_project\debug\airport_project.tlog\link.read.1.tlog
c:\users\sonya\desktop\tairhassid_and_daniellekahana_airport\part3\airport_project\airport_project\debug\airport_project.tlog\link.write.1.tlog
